<?xml version="1.0" encoding="UTF-8"?>
<!-- Generated by org.testng.reporters.JUnitXMLReporter -->
<testsuite hostname="DESKTOP-A7JRL7O" ignored="1" name="Default test" tests="1" failures="0" timestamp="16 May 2019 03:13:07 GMT" time="131.983" errors="0">
  <testcase name="NewLoanTest" time="120.903" classname="com.qa.TestCases.Testcase"/>
  <testcase name="TestApplication" time="0.0" classname="com.qa.TestCases.Testcase">
    <ignored/>
  </testcase> <!-- TestApplication -->
</testsuite> <!-- Default test -->
